#
# There is insufficient memory for the Java Runtime Environment to continue.
# Native memory allocation (mmap) failed to map 264241152 bytes for G1 virtual space
# Possible reasons:
#   The system is out of physical RAM or swap space
#   The process is running with CompressedOops enabled, and the Java Heap may be blocking the growth of the native heap
# Possible solutions:
#   Reduce memory load on the system
#   Increase physical memory or swap space
#   Check if swap backing store is full
#   Decrease Java heap size (-Xmx/-Xms)
#   Decrease number of Java threads
#   Decrease Java thread stack sizes (-Xss)
#   Set larger code cache with -XX:ReservedCodeCacheSize=
#   JVM is running with Zero Based Compressed Oops mode in which the Java heap is
#     placed in the first 32GB address space. The Java Heap base address is the
#     maximum limit for the native heap growth. Please use -XX:HeapBaseMinAddress
#     to set the Java Heap base and to place the Java Heap above 32GB virtual address.
# This output file may be truncated or incomplete.
#
#  Out of Memory Error (os_windows.cpp:3769), pid=40780, tid=42420
#
# JRE version:  (17.0.6) (build )
# Java VM: OpenJDK 64-Bit Server VM (17.0.6+0-b2043.56-10027231, mixed mode, sharing, tiered, compressed oops, compressed class ptrs, g1 gc, windows-amd64)
# No core dump will be written. Minidumps are not enabled by default on client versions of Windows
#

---------------  S U M M A R Y ------------

Command Line: -Dorg.gradle.appname=gradlew org.gradle.wrapper.GradleWrapperMain -q -Ptarget-platform=android-arm64 -Ptarget=C:\Users\Mathusan\Desktop\meal-main\meal-main\lib\main.dart -Pbase-application-name=android.app.Application -Pdart-defines=RkxVVFRFUl9XRUJfQ0FOVkFTS0lUX1VSTD1odHRwczovL3d3dy5nc3RhdGljLmNvbS9mbHV0dGVyLWNhbnZhc2tpdC9lZGQ4NTQ2MTE2NDU3YmRmMWM1YmRmYjEzZWNiOTQ2M2QyYmI1ZWQ0Lw== -Pdart-obfuscation=false -Ptrack-widget-creation=true -Ptree-shake-icons=false -Pfilesystem-scheme=org-dartlang-root assembleDebug

Host: 13th Gen Intel(R) Core(TM) i5-1335U, 12 cores, 15G,  Windows 11 , 64 bit Build 26100 (10.0.26100.7309)
Time: Wed Jan  7 17:06:48 2026 Sri Lanka Standard Time elapsed time: 0.011570 seconds (0d 0h 0m 0s)

---------------  T H R E A D  ---------------

Current thread (0x000001cdbdf41240):  JavaThread "Unknown thread" [_thread_in_vm, id=42420, stack(0x0000002135100000,0x0000002135200000)]

Stack: [0x0000002135100000,0x0000002135200000]
Native frames: (J=compiled Java code, j=interpreted, Vv=VM code, C=native code)
V  [jvm.dll+0x683c9a]
V  [jvm.dll+0x8427a4]
V  [jvm.dll+0x843f9e]
V  [jvm.dll+0x844603]
V  [jvm.dll+0x249b75]
V  [jvm.dll+0x680b69]
V  [jvm.dll+0x67505a]
V  [jvm.dll+0x309acb]
V  [jvm.dll+0x310f86]
V  [jvm.dll+0x3608ee]
V  [jvm.dll+0x360b1f]
V  [jvm.dll+0x2dfbf8]
V  [jvm.dll+0x2e0b64]
V  [jvm.dll+0x814091]
V  [jvm.dll+0x36e6a1]
V  [jvm.dll+0x7f35cc]
V  [jvm.dll+0x3f0e8f]
V  [jvm.dll+0x3f29d1]
C  [jli.dll+0x526b]
C  [ucrtbase.dll+0x37b0]
C  [KERNEL32.DLL+0x2e8d7]
C  [ntdll.dll+0x8c53c]


---------------  P R O C E S S  ---------------

Threads class SMR info:
_java_thread_list=0x00007ffc32f3c058, length=0, elements={
}

Java Threads: ( => current thread )

Other Threads:
  0x000001cdbdfb0870 GCTaskThread "GC Thread#0" [stack: 0x0000002135200000,0x0000002135300000] [id=27772]
  0x000001cdbdfc1ea0 ConcurrentGCThread "G1 Main Marker" [stack: 0x0000002135300000,0x0000002135400000] [id=5464]
  0x000001cdbdfc3c80 ConcurrentGCThread "G1 Conc#0" [stack: 0x0000002135400000,0x0000002135500000] [id=45976]

[error occurred during error reporting (printing all threads), id 0xc0000005, EXCEPTION_ACCESS_VIOLATION (0xc0000005) at pc=0x00007ffc326f0797]

VM state: not at safepoint (not fully initialized)

VM Mutex/Monitor currently owned by a thread:  ([mutex/lock_event])
[0x000001cdbdf3ec60] Heap_lock - owner thread: 0x000001cdbdf41240

Heap address: 0x0000000704e00000, size: 4018 MB, Compressed Oops mode: Zero based, Oop shift amount: 3

CDS archive(s) mapped at: [0x0000000000000000-0x0000000000000000-0x0000000000000000), size 0, SharedBaseAddress: 0x0000000800000000, ArchiveRelocationMode: 0.
Narrow klass base: 0x0000000000000000, Narrow klass shift: 0, Narrow klass range: 0x0

GC Precious Log:
<Empty>

Heap:
 garbage-first heap   total 0K, used 0K [0x0000000704e00000, 0x0000000800000000)
  region size 2048K, 0 young (0K), 0 survivors (0K)

[error occurred during error reporting (printing heap information), id 0xc0000005, EXCEPTION_ACCESS_VIOLATION (0xc0000005) at pc=0x00007ffc32adda89]

GC Heap History (0 events):
No events

Dll operation events (1 events):
Event: 0.007 Loaded shared library C:\Program Files\Android\Android Studio\jbr\bin\java.dll

Deoptimization events (0 events):
No events

Classes unloaded (0 events):
No events

Classes redefined (0 events):
No events

Internal exceptions (0 events):
No events

VM Operations (0 events):
No events

Events (0 events):
No events


Dynamic libraries:
0x00007ff7b39a0000 - 0x00007ff7b39aa000 	C:\Program Files\Android\Android Studio\jbr\bin\java.exe
0x00007ffd8d680000 - 0x00007ffd8d8e7000 	C:\WINDOWS\SYSTEM32\ntdll.dll
0x00007ffd8ca60000 - 0x00007ffd8cb29000 	C:\WINDOWS\System32\KERNEL32.DLL
0x00007ffd8a8b0000 - 0x00007ffd8ac9f000 	C:\WINDOWS\System32\KERNELBASE.dll
0x00007ffd8b0c0000 - 0x00007ffd8b20b000 	C:\WINDOWS\System32\ucrtbase.dll
0x00007ffd00030000 - 0x00007ffd0004b000 	C:\Program Files\Android\Android Studio\jbr\bin\VCRUNTIME140.dll
0x00007ffd02f30000 - 0x00007ffd02f47000 	C:\Program Files\Android\Android Studio\jbr\bin\jli.dll
0x00007ffd8cb30000 - 0x00007ffd8ccf5000 	C:\WINDOWS\System32\USER32.dll
0x00007ffd8a7d0000 - 0x00007ffd8a7f7000 	C:\WINDOWS\System32\win32u.dll
0x00007ffd712d0000 - 0x00007ffd71563000 	C:\WINDOWS\WinSxS\amd64_microsoft.windows.common-controls_6595b64144ccf1df_6.0.26100.7309_none_3e05feeae336a044\COMCTL32.dll
0x00007ffd8b730000 - 0x00007ffd8b75b000 	C:\WINDOWS\System32\GDI32.dll
0x00007ffd8c070000 - 0x00007ffd8c119000 	C:\WINDOWS\System32\msvcrt.dll
0x00007ffd8aee0000 - 0x00007ffd8b00c000 	C:\WINDOWS\System32\gdi32full.dll
0x00007ffd8a800000 - 0x00007ffd8a8a3000 	C:\WINDOWS\System32\msvcp_win.dll
0x00007ffd8ca20000 - 0x00007ffd8ca51000 	C:\WINDOWS\System32\IMM32.DLL
0x00007ffd18bf0000 - 0x00007ffd18bfc000 	C:\Program Files\Android\Android Studio\jbr\bin\vcruntime140_1.dll
0x00007ffc34a10000 - 0x00007ffc34a9d000 	C:\Program Files\Android\Android Studio\jbr\bin\msvcp140.dll
0x00007ffc32400000 - 0x00007ffc3306e000 	C:\Program Files\Android\Android Studio\jbr\bin\server\jvm.dll
0x00007ffd8cd00000 - 0x00007ffd8cdb4000 	C:\WINDOWS\System32\ADVAPI32.dll
0x00007ffd8bfc0000 - 0x00007ffd8c066000 	C:\WINDOWS\System32\sechost.dll
0x00007ffd8c7c0000 - 0x00007ffd8c8d8000 	C:\WINDOWS\System32\RPCRT4.dll
0x00007ffd475d0000 - 0x00007ffd475da000 	C:\WINDOWS\SYSTEM32\WSOCK32.dll
0x00007ffd8c8e0000 - 0x00007ffd8c954000 	C:\WINDOWS\System32\WS2_32.dll
0x00007ffd84190000 - 0x00007ffd841c5000 	C:\WINDOWS\SYSTEM32\WINMM.dll
0x00007ffd72350000 - 0x00007ffd7235b000 	C:\WINDOWS\SYSTEM32\VERSION.dll
0x00007ffd89580000 - 0x00007ffd8959b000 	C:\WINDOWS\SYSTEM32\kernel.appcore.dll
0x00007ffd063c0000 - 0x00007ffd063ca000 	C:\Program Files\Android\Android Studio\jbr\bin\jimage.dll
0x00007ffd87c60000 - 0x00007ffd87ea2000 	C:\WINDOWS\SYSTEM32\DBGHELP.DLL
0x00007ffd8c150000 - 0x00007ffd8c4d5000 	C:\WINDOWS\System32\combase.dll
0x00007ffd8bee0000 - 0x00007ffd8bfb6000 	C:\WINDOWS\System32\OLEAUT32.dll
0x00007ffd71570000 - 0x00007ffd715ac000 	C:\WINDOWS\SYSTEM32\dbgcore.DLL
0x00007ffd8b010000 - 0x00007ffd8b0b5000 	C:\WINDOWS\System32\bcryptPrimitives.dll
0x00007ffcaef30000 - 0x00007ffcaef55000 	C:\Program Files\Android\Android Studio\jbr\bin\java.dll

dbghelp: loaded successfully - version: 4.0.5 - missing functions: none
symbol engine: initialized successfully - sym options: 0x614 - pdb path: .;C:\Program Files\Android\Android Studio\jbr\bin;C:\WINDOWS\SYSTEM32;C:\WINDOWS\WinSxS\amd64_microsoft.windows.common-controls_6595b64144ccf1df_6.0.26100.7309_none_3e05feeae336a044;C:\Program Files\Android\Android Studio\jbr\bin\server

VM Arguments:
jvm_args: -Dorg.gradle.appname=gradlew 
java_command: org.gradle.wrapper.GradleWrapperMain -q -Ptarget-platform=android-arm64 -Ptarget=C:\Users\Mathusan\Desktop\meal-main\meal-main\lib\main.dart -Pbase-application-name=android.app.Application -Pdart-defines=RkxVVFRFUl9XRUJfQ0FOVkFTS0lUX1VSTD1odHRwczovL3d3dy5nc3RhdGljLmNvbS9mbHV0dGVyLWNhbnZhc2tpdC9lZGQ4NTQ2MTE2NDU3YmRmMWM1YmRmYjEzZWNiOTQ2M2QyYmI1ZWQ0Lw== -Pdart-obfuscation=false -Ptrack-widget-creation=true -Ptree-shake-icons=false -Pfilesystem-scheme=org-dartlang-root assembleDebug
java_class_path (initial): C:\Users\Mathusan\Desktop\meal-main\meal-main\android\\gradle\wrapper\gradle-wrapper.jar
Launcher Type: SUN_STANDARD

[Global flags]
     intx CICompilerCount                          = 4                                         {product} {ergonomic}
     uint ConcGCThreads                            = 3                                         {product} {ergonomic}
     uint G1ConcRefinementThreads                  = 10                                        {product} {ergonomic}
   size_t G1HeapRegionSize                         = 2097152                                   {product} {ergonomic}
    uintx GCDrainStackTargetSize                   = 64                                        {product} {ergonomic}
   size_t InitialHeapSize                          = 264241152                                 {product} {ergonomic}
   size_t MarkStackSize                            = 4194304                                   {product} {ergonomic}
   size_t MaxHeapSize                              = 4213178368                                {product} {ergonomic}
   size_t MinHeapDeltaBytes                        = 2097152                                   {product} {ergonomic}
   size_t MinHeapSize                              = 8388608                                   {product} {ergonomic}
    uintx NonNMethodCodeHeapSize                   = 5839372                                {pd product} {ergonomic}
    uintx NonProfiledCodeHeapSize                  = 122909434                              {pd product} {ergonomic}
    uintx ProfiledCodeHeapSize                     = 122909434                              {pd product} {ergonomic}
    uintx ReservedCodeCacheSize                    = 251658240                              {pd product} {ergonomic}
     bool SegmentedCodeCache                       = true                                      {product} {ergonomic}
   size_t SoftMaxHeapSize                          = 4213178368                             {manageable} {ergonomic}
     bool UseCompressedClassPointers               = true                           {product lp64_product} {ergonomic}
     bool UseCompressedOops                        = true                           {product lp64_product} {ergonomic}
     bool UseG1GC                                  = true                                      {product} {ergonomic}
     bool UseLargePagesIndividualAllocation        = false                                  {pd product} {ergonomic}

Logging:
Log output configuration:
 #0: stdout all=warning uptime,level,tags
 #1: stderr all=off uptime,level,tags

Environment Variables:
JAVA_HOME=C:\Program Files\Android\Android Studio\jbr
CLASSPATH=C:\Users\Mathusan\Desktop\meal-main\meal-main\android\\gradle\wrapper\gradle-wrapper.jar
PATH=C:\Program Files\Android\Android Studio\jbr\bin;C:\Python313\Scripts\;C:\Python313\;C:\Program Files\Microsoft MPI\Bin\;C:\Program Files\Java\jdk-22\bin;C:\Program Files\Common Files\Oracle\Java\javapath;C:\WINDOWS\system32;C:\WINDOWS;C:\WINDOWS\System32\Wbem;C:\WINDOWS\System32\WindowsPowerShell\v1.0\;C:\WINDOWS\System32\OpenSSH\;C:\Program Files\dotnet\;C:\Program Files\Microsoft SQL Server\Client SDK\ODBC\170\Tools\Binn\;C:\flutter\bin;C:\Program Files (x86)\Microsoft SQL Server\160\DTS\Binn\;C:\Program Files\Azure Data Studio\bin;C:\src\flutter\bin;C:\Program Files (x86)\Windows Kits\10\Windows Performance Toolkit\;C:\Program Files (x86)\Microsoft SQL Server\160\Tools\Binn\;C:\Program Files\Microsoft SQL Server\160\Tools\Binn\;C:\Program Files\Microsoft SQL Server\160\DTS\Binn\;C:\Program Files\php-8.1.31-Win32-vs16-x64;C:\composer;C:\ProgramData\chocolatey\bin;C:\Users\pubud\AppData\Local\nvm;C:\nvm4w\nodejs;C:\Users\Mathusan\AppData\Local\Microsoft\WindowsApps;C:\Users\Mathusan\AppData\Local\Programs\Microsoft VS Code\bin;C:\Users\Mathusan\AppData\Local\Programs\Git\cmd;C:\Users\Mathusan\.dotnet\tools;C:\Users\Mathusan\AppData\Roaming\npm;C:\Users\Mathusan\AppData\Local\GitHubDesktop\bin;C:\flutter\bin\mingit\cmd;C:\flutter\bin\mingit\cmd
USERNAME=Mathusan
OS=Windows_NT
PROCESSOR_IDENTIFIER=Intel64 Family 6 Model 186 Stepping 3, GenuineIntel
TMP=C:\Users\Mathusan\AppData\Local\Temp
TEMP=C:\Users\Mathusan\AppData\Local\Temp


JNI global refs:

[error occurred during error reporting (JNI global references), id 0xc0000005, EXCEPTION_ACCESS_VIOLATION (0xc0000005) at pc=0x00007ffc324b7a10]


---------------  S Y S T E M  ---------------

OS:
 Windows 11 , 64 bit Build 26100 (10.0.26100.7309)
OS uptime: 16 days 8:51 hours
Hyper-V role detected

CPU: total 12 (initial active 12) (6 cores per cpu, 2 threads per core) family 6 model 186 stepping 3 microcode 0x4128, cx8, cmov, fxsr, ht, mmx, 3dnowpref, sse, sse2, sse3, ssse3, sse4.1, sse4.2, popcnt, lzcnt, tsc, tscinvbit, avx, avx2, aes, erms, clmul, bmi1, bmi2, adx, sha, fma, vzeroupper, clflush, clflushopt, clwb, hv

Memory: 4k page, system-wide physical 16068M (1741M free)
TotalPageFile size 35159M (AvailPageFile size 45M)
current process WorkingSet (physical memory assigned to process): 12M, peak: 12M
current process commit charge ("private bytes"): 64M, peak: 316M

vm_info: OpenJDK 64-Bit Server VM (17.0.6+0-b2043.56-10027231) for windows-amd64 JRE (17.0.6+0-b2043.56-10027231), built on Apr 28 2023 00:43:19 by "androidbuild" with MS VC++ 16.10 / 16.11 (VS2019)

END.
