#
# There is insufficient memory for the Java Runtime Environment to continue.
# Native memory allocation (mmap) failed to map 65536 bytes for Failed to commit metaspace.
# Possible reasons:
#   The system is out of physical RAM or swap space
#   The process is running with CompressedOops enabled, and the Java Heap may be blocking the growth of the native heap
# Possible solutions:
#   Reduce memory load on the system
#   Increase physical memory or swap space
#   Check if swap backing store is full
#   Decrease Java heap size (-Xmx/-Xms)
#   Decrease number of Java threads
#   Decrease Java thread stack sizes (-Xss)
#   Set larger code cache with -XX:ReservedCodeCacheSize=
#   JVM is running with Zero Based Compressed Oops mode in which the Java heap is
#     placed in the first 32GB address space. The Java Heap base address is the
#     maximum limit for the native heap growth. Please use -XX:HeapBaseMinAddress
#     to set the Java Heap base and to place the Java Heap above 32GB virtual address.
# This output file may be truncated or incomplete.
#
#  Out of Memory Error (virtualSpaceNode.cpp:110), pid=8184, tid=9364
#
# JRE version: OpenJDK Runtime Environment (17.0.6) (build 17.0.6+0-b2043.56-10027231)
# Java VM: OpenJDK 64-Bit Server VM (17.0.6+0-b2043.56-10027231, mixed mode, tiered, compressed oops, compressed class ptrs, g1 gc, windows-amd64)
# No core dump will be written. Minidumps are not enabled by default on client versions of Windows
#

---------------  S U M M A R Y ------------

Command Line: -Dorg.gradle.appname=gradlew org.gradle.wrapper.GradleWrapperMain -q -Ptarget-platform=android-arm64 -Ptarget=C:\Mathusan\meal\meal\lib\main.dart -Pbase-application-name=android.app.Application -Pdart-defines=RkxVVFRFUl9XRUJfQVVUT19ERVRFQ1Q9dHJ1ZQ==,RkxVVFRFUl9XRUJfQ0FOVkFTS0lUX1VSTD1odHRwczovL3d3dy5nc3RhdGljLmNvbS9mbHV0dGVyLWNhbnZhc2tpdC8wNDgxN2M5OWM5ZmQ0OTU2ZjI3NTA1MjA0ZjdlMzQ0MzM1ODEwYWVkLw== -Pdart-obfuscation=false -Ptrack-widget-creation=true -Ptree-shake-icons=false -Pfilesystem-scheme=org-dartlang-root assembleDebug

Host: 13th Gen Intel(R) Core(TM) i5-1335U, 12 cores, 15G,  Windows 11 , 64 bit Build 22621 (10.0.22621.3085)
Time: Tue Mar 26 12:00:12 2024 Sri Lanka Standard Time elapsed time: 3.184183 seconds (0d 0h 0m 3s)

---------------  T H R E A D  ---------------

Current thread (0x0000026343661f50):  JavaThread "main" [_thread_in_vm, id=9364, stack(0x000000fb88400000,0x000000fb88500000)]

Stack: [0x000000fb88400000,0x000000fb88500000]
Native frames: (J=compiled Java code, j=interpreted, Vv=VM code, C=native code)
V  [jvm.dll+0x683c9a]
V  [jvm.dll+0x8427a4]
V  [jvm.dll+0x843f9e]
V  [jvm.dll+0x844603]
V  [jvm.dll+0x249b75]
V  [jvm.dll+0x83e7fb]
V  [jvm.dll+0x628006]
V  [jvm.dll+0x1c194e]
V  [jvm.dll+0x62a941]
V  [jvm.dll+0x6289a6]
V  [jvm.dll+0x246f6c]
V  [jvm.dll+0x6dabdd]
V  [jvm.dll+0x6db60f]
V  [jvm.dll+0x375330]
V  [jvm.dll+0x3744a2]
V  [jvm.dll+0x374448]
V  [jvm.dll+0x3843ba]
C  0x000002634e06b6ee

Java frames: (J=compiled Java code, j=interpreted, Vv=VM code)
j  org.gradle.cache.internal.filelock.FileLockOutcome.<clinit>()V+10
v  ~StubRoutines::call_stub
j  org.gradle.cache.internal.filelock.LockStateAccess.tryLock(Ljava/io/RandomAccessFile;Z)Lorg/gradle/cache/internal/filelock/FileLockOutcome;+24
j  org.gradle.cache.internal.filelock.LockFileAccess.tryLockState(Z)Lorg/gradle/cache/internal/filelock/FileLockOutcome;+9
j  org.gradle.cache.internal.DefaultFileLockManager$DefaultFileLock$4.run()Lorg/gradle/internal/io/IOQuery$Result;+22
j  org.gradle.internal.io.ExponentialBackoff.retryUntil(Lorg/gradle/internal/io/IOQuery;)Ljava/lang/Object;+3
j  org.gradle.cache.internal.DefaultFileLockManager$DefaultFileLock.lockStateRegion(Lorg/gradle/cache/FileLockManager$LockMode;)Lorg/gradle/cache/internal/filelock/FileLockOutcome;+26
j  org.gradle.cache.internal.DefaultFileLockManager$DefaultFileLock.lock(Lorg/gradle/cache/FileLockManager$LockMode;)Lorg/gradle/cache/internal/filelock/LockState;+23
j  org.gradle.cache.internal.DefaultFileLockManager$DefaultFileLock.<init>(Lorg/gradle/cache/internal/DefaultFileLockManager;Ljava/io/File;Lorg/gradle/cache/LockOptions;Ljava/lang/String;Ljava/lang/String;ILorg/gradle/api/Action;)V+201
j  org.gradle.cache.internal.DefaultFileLockManager.lock(Ljava/io/File;Lorg/gradle/cache/LockOptions;Ljava/lang/String;Ljava/lang/String;Lorg/gradle/api/Action;)Lorg/gradle/cache/FileLock;+100
j  org.gradle.cache.internal.DefaultFileLockManager.lock(Ljava/io/File;Lorg/gradle/cache/LockOptions;Ljava/lang/String;Ljava/lang/String;)Lorg/gradle/cache/FileLock;+7
j  org.gradle.cache.internal.DefaultFileLockManager.lock(Ljava/io/File;Lorg/gradle/cache/LockOptions;Ljava/lang/String;)Lorg/gradle/cache/FileLock;+6
j  org.gradle.cache.internal.OnDemandFileAccess.readFile(Lorg/gradle/internal/Factory;)Ljava/lang/Object;+18
j  org.gradle.cache.internal.SimpleStateCache.get()Ljava/lang/Object;+12
j  org.gradle.cache.internal.FileIntegrityViolationSuppressingPersistentStateCacheDecorator.get()Ljava/lang/Object;+4
j  org.gradle.launcher.daemon.registry.PersistentDaemonRegistry.getAll()Ljava/util/List;+13
j  org.gradle.launcher.daemon.client.DefaultDaemonConnector.connect(Lorg/gradle/api/internal/specs/ExplainingSpec;)Lorg/gradle/launcher/daemon/client/DaemonClientConnection;+5
j  org.gradle.launcher.daemon.client.DaemonClient.execute(Lorg/gradle/internal/invocation/BuildAction;Lorg/gradle/launcher/exec/BuildActionParameters;Lorg/gradle/initialization/BuildRequestContext;)Lorg/gradle/launcher/exec/BuildActionResult;+62
j  org.gradle.launcher.daemon.client.DaemonClient.execute(Lorg/gradle/internal/invocation/BuildAction;Ljava/lang/Object;Ljava/lang/Object;)Lorg/gradle/launcher/exec/BuildActionResult;+10
j  org.gradle.launcher.cli.RunBuildAction.run()V+74
j  org.gradle.internal.Actions$RunnableActionAdapter.execute(Ljava/lang/Object;)V+4
j  org.gradle.launcher.cli.DefaultCommandLineActionFactory$ParseAndBuildAction.execute(Lorg/gradle/launcher/bootstrap/ExecutionListener;)V+60
j  org.gradle.launcher.cli.DefaultCommandLineActionFactory$ParseAndBuildAction.execute(Ljava/lang/Object;)V+5
j  org.gradle.launcher.cli.DebugLoggerWarningAction.execute(Lorg/gradle/launcher/bootstrap/ExecutionListener;)V+9
j  org.gradle.launcher.cli.DebugLoggerWarningAction.execute(Ljava/lang/Object;)V+5
j  org.gradle.launcher.cli.WelcomeMessageAction.execute(Lorg/gradle/launcher/bootstrap/ExecutionListener;)V+218
j  org.gradle.launcher.cli.WelcomeMessageAction.execute(Ljava/lang/Object;)V+5
j  org.gradle.launcher.cli.NativeServicesInitializingAction.execute(Lorg/gradle/launcher/bootstrap/ExecutionListener;)V+35
j  org.gradle.launcher.cli.NativeServicesInitializingAction.execute(Ljava/lang/Object;)V+5
j  org.gradle.launcher.cli.ExceptionReportingAction.execute(Lorg/gradle/launcher/bootstrap/ExecutionListener;)V+5
j  org.gradle.launcher.cli.ExceptionReportingAction.execute(Ljava/lang/Object;)V+5
j  org.gradle.launcher.cli.DefaultCommandLineActionFactory$WithLogging.execute(Lorg/gradle/launcher/bootstrap/ExecutionListener;)V+299
j  org.gradle.launcher.Main.doAction([Ljava/lang/String;Lorg/gradle/launcher/bootstrap/ExecutionListener;)V+14
j  org.gradle.launcher.bootstrap.EntryPoint.run([Ljava/lang/String;)V+12
v  ~StubRoutines::call_stub
j  jdk.internal.reflect.NativeMethodAccessorImpl.invoke0(Ljava/lang/reflect/Method;Ljava/lang/Object;[Ljava/lang/Object;)Ljava/lang/Object;+0 java.base@17.0.6
j  jdk.internal.reflect.NativeMethodAccessorImpl.invoke(Ljava/lang/Object;[Ljava/lang/Object;)Ljava/lang/Object;+133 java.base@17.0.6
j  jdk.internal.reflect.DelegatingMethodAccessorImpl.invoke(Ljava/lang/Object;[Ljava/lang/Object;)Ljava/lang/Object;+6 java.base@17.0.6
j  java.lang.reflect.Method.invoke(Ljava/lang/Object;[Ljava/lang/Object;)Ljava/lang/Object;+59 java.base@17.0.6
j  org.gradle.launcher.bootstrap.ProcessBootstrap.runNoExit(Ljava/lang/String;[Ljava/lang/String;)V+159
j  org.gradle.launcher.bootstrap.ProcessBootstrap.run(Ljava/lang/String;[Ljava/lang/String;)V+2
v  ~StubRoutines::call_stub
j  jdk.internal.reflect.NativeMethodAccessorImpl.invoke0(Ljava/lang/reflect/Method;Ljava/lang/Object;[Ljava/lang/Object;)Ljava/lang/Object;+0 java.base@17.0.6
j  jdk.internal.reflect.NativeMethodAccessorImpl.invoke(Ljava/lang/Object;[Ljava/lang/Object;)Ljava/lang/Object;+133 java.base@17.0.6
j  jdk.internal.reflect.DelegatingMethodAccessorImpl.invoke(Ljava/lang/Object;[Ljava/lang/Object;)Ljava/lang/Object;+6 java.base@17.0.6
j  java.lang.reflect.Method.invoke(Ljava/lang/Object;[Ljava/lang/Object;)Ljava/lang/Object;+59 java.base@17.0.6
j  org.gradle.launcher.GradleMain.main([Ljava/lang/String;)V+100
v  ~StubRoutines::call_stub
j  jdk.internal.reflect.NativeMethodAccessorImpl.invoke0(Ljava/lang/reflect/Method;Ljava/lang/Object;[Ljava/lang/Object;)Ljava/lang/Object;+0 java.base@17.0.6
j  jdk.internal.reflect.NativeMethodAccessorImpl.invoke(Ljava/lang/Object;[Ljava/lang/Object;)Ljava/lang/Object;+133 java.base@17.0.6
j  jdk.internal.reflect.DelegatingMethodAccessorImpl.invoke(Ljava/lang/Object;[Ljava/lang/Object;)Ljava/lang/Object;+6 java.base@17.0.6
j  java.lang.reflect.Method.invoke(Ljava/lang/Object;[Ljava/lang/Object;)Ljava/lang/Object;+59 java.base@17.0.6
j  org.gradle.wrapper.BootstrapMainStarter.start([Ljava/lang/String;Ljava/io/File;)V+82
j  org.gradle.wrapper.WrapperExecutor.execute([Ljava/lang/String;Lorg/gradle/wrapper/Install;Lorg/gradle/wrapper/BootstrapMainStarter;)V+14
j  org.gradle.wrapper.GradleWrapperMain.main([Ljava/lang/String;)V+190
v  ~StubRoutines::call_stub

---------------  P R O C E S S  ---------------

Threads class SMR info:
_java_thread_list=0x000002636436ecf0, length=13, elements={
0x0000026343661f50, 0x0000026362c71260, 0x0000026362c730e0, 0x0000026362c8c6a0,
0x0000026362cb2a50, 0x0000026362ca5920, 0x0000026362ca61e0, 0x0000026362ca6dd0,
0x0000026362ca7870, 0x0000026362ca8260, 0x0000026362e25880, 0x0000026362e33a40,
0x000002636417dc30
}

Java Threads: ( => current thread )
=>0x0000026343661f50 JavaThread "main" [_thread_in_vm, id=9364, stack(0x000000fb88400000,0x000000fb88500000)]
  0x0000026362c71260 JavaThread "Reference Handler" daemon [_thread_blocked, id=14376, stack(0x000000fb88b00000,0x000000fb88c00000)]
  0x0000026362c730e0 JavaThread "Finalizer" daemon [_thread_blocked, id=29660, stack(0x000000fb88c00000,0x000000fb88d00000)]
  0x0000026362c8c6a0 JavaThread "Signal Dispatcher" daemon [_thread_blocked, id=14660, stack(0x000000fb88d00000,0x000000fb88e00000)]
  0x0000026362cb2a50 JavaThread "Attach Listener" daemon [_thread_blocked, id=18488, stack(0x000000fb88e00000,0x000000fb88f00000)]
  0x0000026362ca5920 JavaThread "Service Thread" daemon [_thread_blocked, id=21892, stack(0x000000fb88f00000,0x000000fb89000000)]
  0x0000026362ca61e0 JavaThread "Monitor Deflation Thread" daemon [_thread_blocked, id=17464, stack(0x000000fb89000000,0x000000fb89100000)]
  0x0000026362ca6dd0 JavaThread "C2 CompilerThread0" daemon [_thread_blocked, id=25812, stack(0x000000fb89100000,0x000000fb89200000)]
  0x0000026362ca7870 JavaThread "C1 CompilerThread0" daemon [_thread_blocked, id=1708, stack(0x000000fb89200000,0x000000fb89300000)]
  0x0000026362ca8260 JavaThread "Sweeper thread" daemon [_thread_blocked, id=17768, stack(0x000000fb89300000,0x000000fb89400000)]
  0x0000026362e25880 JavaThread "Notification Thread" daemon [_thread_blocked, id=24080, stack(0x000000fb89400000,0x000000fb89500000)]
  0x0000026362e33a40 JavaThread "Common-Cleaner" daemon [_thread_blocked, id=1292, stack(0x000000fb89600000,0x000000fb89700000)]
  0x000002636417dc30 JavaThread "pool-1-thread-1" [_thread_blocked, id=10512, stack(0x000000fb89c00000,0x000000fb89d00000)]

Other Threads:
  0x0000026362c4edd0 VMThread "VM Thread" [stack: 0x000000fb88a00000,0x000000fb88b00000] [id=18376]
  0x00000263436f5980 WatcherThread [stack: 0x000000fb89500000,0x000000fb89600000] [id=28000]
  0x00000263436cb690 GCTaskThread "GC Thread#0" [stack: 0x000000fb88500000,0x000000fb88600000] [id=28964]
  0x000002636359c450 GCTaskThread "GC Thread#1" [stack: 0x000000fb89700000,0x000000fb89800000] [id=23812]
  0x000002636359c700 GCTaskThread "GC Thread#2" [stack: 0x000000fb89800000,0x000000fb89900000] [id=9932]
  0x000002636359c9b0 GCTaskThread "GC Thread#3" [stack: 0x000000fb89900000,0x000000fb89a00000] [id=15308]
  0x000002636359cc60 GCTaskThread "GC Thread#4" [stack: 0x000000fb89a00000,0x000000fb89b00000] [id=16320]
  0x00000263637fe050 GCTaskThread "GC Thread#5" [stack: 0x000000fb89b00000,0x000000fb89c00000] [id=21316]
  0x00000263436dc0e0 ConcurrentGCThread "G1 Main Marker" [stack: 0x000000fb88600000,0x000000fb88700000] [id=29136]
  0x00000263436dcaf0 ConcurrentGCThread "G1 Conc#0" [stack: 0x000000fb88700000,0x000000fb88800000] [id=19292]
  0x000002634371e8f0 ConcurrentGCThread "G1 Refine#0" [stack: 0x000000fb88800000,0x000000fb88900000] [id=26476]
  0x00000263621044e0 ConcurrentGCThread "G1 Service" [stack: 0x000000fb88900000,0x000000fb88a00000] [id=24140]

Threads with active compile tasks:

VM state: not at safepoint (normal execution)

VM Mutex/Monitor currently owned by a thread:  ([mutex/lock_event])
[0x000002634364d6a0] Metaspace_lock - owner thread: 0x0000026343661f50

Heap address: 0x0000000704e00000, size: 4018 MB, Compressed Oops mode: Zero based, Oop shift amount: 3

CDS archive(s) not mapped
Compressed class space mapped at: 0x0000000800000000-0x0000000840000000, reserved size: 1073741824
Narrow klass base: 0x0000000800000000, Narrow klass shift: 0, Narrow klass range: 0x40000000

GC Precious Log:
 CPUs: 12 total, 12 available
 Memory: 16068M
 Large Page Support: Disabled
 NUMA Support: Disabled
 Compressed Oops: Enabled (Zero based)
 Heap Region Size: 2M
 Heap Min Capacity: 8M
 Heap Initial Capacity: 252M
 Heap Max Capacity: 4018M
 Pre-touch: Disabled
 Parallel Workers: 10
 Concurrent Workers: 3
 Concurrent Refinement Workers: 10
 Periodic GC: Disabled

Heap:
 garbage-first heap   total 258048K, used 20384K [0x0000000704e00000, 0x0000000800000000)
  region size 2048K, 8 young (16384K), 2 survivors (4096K)
 Metaspace       used 14805K, committed 14976K, reserved 1064960K
  class space    used 1727K, committed 1856K, reserved 1048576K

Heap Regions: E=young(eden), S=young(survivor), O=old, HS=humongous(starts), HC=humongous(continues), CS=collection set, F=free, OA=open archive, CA=closed archive, TAMS=top-at-mark-start (previous, next)
|   0|0x0000000704e00000, 0x0000000704e00000, 0x0000000705000000|  0%| F|  |TAMS 0x0000000704e00000, 0x0000000704e00000| Untracked 
|   1|0x0000000705000000, 0x0000000705000000, 0x0000000705200000|  0%| F|  |TAMS 0x0000000705000000, 0x0000000705000000| Untracked 
|   2|0x0000000705200000, 0x0000000705400000, 0x0000000705400000|100%|HS|  |TAMS 0x0000000705200000, 0x0000000705200000| Complete 
|   3|0x0000000705400000, 0x0000000705600000, 0x0000000705600000|100%|HC|  |TAMS 0x0000000705400000, 0x0000000705400000| Complete 
|   4|0x0000000705600000, 0x00000007057e8000, 0x0000000705800000| 95%| O|  |TAMS 0x0000000705600000, 0x0000000705600000| Untracked 
|   5|0x0000000705800000, 0x0000000705800000, 0x0000000705a00000|  0%| F|  |TAMS 0x0000000705800000, 0x0000000705800000| Untracked 
|   6|0x0000000705a00000, 0x0000000705a00000, 0x0000000705c00000|  0%| F|  |TAMS 0x0000000705a00000, 0x0000000705a00000| Untracked 
|   7|0x0000000705c00000, 0x0000000705c00000, 0x0000000705e00000|  0%| F|  |TAMS 0x0000000705c00000, 0x0000000705c00000| Untracked 
|   8|0x0000000705e00000, 0x0000000705e00000, 0x0000000706000000|  0%| F|  |TAMS 0x0000000705e00000, 0x0000000705e00000| Untracked 
|   9|0x0000000706000000, 0x0000000706000000, 0x0000000706200000|  0%| F|  |TAMS 0x0000000706000000, 0x0000000706000000| Untracked 
|  10|0x0000000706200000, 0x0000000706200000, 0x0000000706400000|  0%| F|  |TAMS 0x0000000706200000, 0x0000000706200000| Untracked 
|  11|0x0000000706400000, 0x0000000706400000, 0x0000000706600000|  0%| F|  |TAMS 0x0000000706400000, 0x0000000706400000| Untracked 
|  12|0x0000000706600000, 0x0000000706600000, 0x0000000706800000|  0%| F|  |TAMS 0x0000000706600000, 0x0000000706600000| Untracked 
|  13|0x0000000706800000, 0x0000000706800000, 0x0000000706a00000|  0%| F|  |TAMS 0x0000000706800000, 0x0000000706800000| Untracked 
|  14|0x0000000706a00000, 0x0000000706a00000, 0x0000000706c00000|  0%| F|  |TAMS 0x0000000706a00000, 0x0000000706a00000| Untracked 
|  15|0x0000000706c00000, 0x0000000706c00000, 0x0000000706e00000|  0%| F|  |TAMS 0x0000000706c00000, 0x0000000706c00000| Untracked 
|  16|0x0000000706e00000, 0x0000000706e00000, 0x0000000707000000|  0%| F|  |TAMS 0x0000000706e00000, 0x0000000706e00000| Untracked 
|  17|0x0000000707000000, 0x0000000707000000, 0x0000000707200000|  0%| F|  |TAMS 0x0000000707000000, 0x0000000707000000| Untracked 
|  18|0x0000000707200000, 0x0000000707200000, 0x0000000707400000|  0%| F|  |TAMS 0x0000000707200000, 0x0000000707200000| Untracked 
|  19|0x0000000707400000, 0x0000000707400000, 0x0000000707600000|  0%| F|  |TAMS 0x0000000707400000, 0x0000000707400000| Untracked 
|  20|0x0000000707600000, 0x0000000707600000, 0x0000000707800000|  0%| F|  |TAMS 0x0000000707600000, 0x0000000707600000| Untracked 
|  21|0x0000000707800000, 0x0000000707800000, 0x0000000707a00000|  0%| F|  |TAMS 0x0000000707800000, 0x0000000707800000| Untracked 
|  22|0x0000000707a00000, 0x0000000707a00000, 0x0000000707c00000|  0%| F|  |TAMS 0x0000000707a00000, 0x0000000707a00000| Untracked 
|  23|0x0000000707c00000, 0x0000000707c00000, 0x0000000707e00000|  0%| F|  |TAMS 0x0000000707c00000, 0x0000000707c00000| Untracked 
|  24|0x0000000707e00000, 0x0000000707e00000, 0x0000000708000000|  0%| F|  |TAMS 0x0000000707e00000, 0x0000000707e00000| Untracked 
|  25|0x0000000708000000, 0x0000000708000000, 0x0000000708200000|  0%| F|  |TAMS 0x0000000708000000, 0x0000000708000000| Untracked 
|  26|0x0000000708200000, 0x0000000708200000, 0x0000000708400000|  0%| F|  |TAMS 0x0000000708200000, 0x0000000708200000| Untracked 
|  27|0x0000000708400000, 0x0000000708400000, 0x0000000708600000|  0%| F|  |TAMS 0x0000000708400000, 0x0000000708400000| Untracked 
|  28|0x0000000708600000, 0x0000000708600000, 0x0000000708800000|  0%| F|  |TAMS 0x0000000708600000, 0x0000000708600000| Untracked 
|  29|0x0000000708800000, 0x0000000708800000, 0x0000000708a00000|  0%| F|  |TAMS 0x0000000708800000, 0x0000000708800000| Untracked 
|  30|0x0000000708a00000, 0x0000000708a00000, 0x0000000708c00000|  0%| F|  |TAMS 0x0000000708a00000, 0x0000000708a00000| Untracked 
|  31|0x0000000708c00000, 0x0000000708c00000, 0x0000000708e00000|  0%| F|  |TAMS 0x0000000708c00000, 0x0000000708c00000| Untracked 
|  32|0x0000000708e00000, 0x0000000708e00000, 0x0000000709000000|  0%| F|  |TAMS 0x0000000708e00000, 0x0000000708e00000| Untracked 
|  33|0x0000000709000000, 0x0000000709000000, 0x0000000709200000|  0%| F|  |TAMS 0x0000000709000000, 0x0000000709000000| Untracked 
|  34|0x0000000709200000, 0x0000000709200000, 0x0000000709400000|  0%| F|  |TAMS 0x0000000709200000, 0x0000000709200000| Untracked 
|  35|0x0000000709400000, 0x0000000709400000, 0x0000000709600000|  0%| F|  |TAMS 0x0000000709400000, 0x0000000709400000| Untracked 
|  36|0x0000000709600000, 0x0000000709600000, 0x0000000709800000|  0%| F|  |TAMS 0x0000000709600000, 0x0000000709600000| Untracked 
|  37|0x0000000709800000, 0x0000000709800000, 0x0000000709a00000|  0%| F|  |TAMS 0x0000000709800000, 0x0000000709800000| Untracked 
|  38|0x0000000709a00000, 0x0000000709a00000, 0x0000000709c00000|  0%| F|  |TAMS 0x0000000709a00000, 0x0000000709a00000| Untracked 
|  39|0x0000000709c00000, 0x0000000709c00000, 0x0000000709e00000|  0%| F|  |TAMS 0x0000000709c00000, 0x0000000709c00000| Untracked 
|  40|0x0000000709e00000, 0x0000000709e00000, 0x000000070a000000|  0%| F|  |TAMS 0x0000000709e00000, 0x0000000709e00000| Untracked 
|  41|0x000000070a000000, 0x000000070a000000, 0x000000070a200000|  0%| F|  |TAMS 0x000000070a000000, 0x000000070a000000| Untracked 
|  42|0x000000070a200000, 0x000000070a200000, 0x000000070a400000|  0%| F|  |TAMS 0x000000070a200000, 0x000000070a200000| Untracked 
|  43|0x000000070a400000, 0x000000070a400000, 0x000000070a600000|  0%| F|  |TAMS 0x000000070a400000, 0x000000070a400000| Untracked 
|  44|0x000000070a600000, 0x000000070a600000, 0x000000070a800000|  0%| F|  |TAMS 0x000000070a600000, 0x000000070a600000| Untracked 
|  45|0x000000070a800000, 0x000000070a800000, 0x000000070aa00000|  0%| F|  |TAMS 0x000000070a800000, 0x000000070a800000| Untracked 
|  46|0x000000070aa00000, 0x000000070aa00000, 0x000000070ac00000|  0%| F|  |TAMS 0x000000070aa00000, 0x000000070aa00000| Untracked 
|  47|0x000000070ac00000, 0x000000070ac00000, 0x000000070ae00000|  0%| F|  |TAMS 0x000000070ac00000, 0x000000070ac00000| Untracked 
|  48|0x000000070ae00000, 0x000000070ae00000, 0x000000070b000000|  0%| F|  |TAMS 0x000000070ae00000, 0x000000070ae00000| Untracked 
|  49|0x000000070b000000, 0x000000070b000000, 0x000000070b200000|  0%| F|  |TAMS 0x000000070b000000, 0x000000070b000000| Untracked 
|  50|0x000000070b200000, 0x000000070b200000, 0x000000070b400000|  0%| F|  |TAMS 0x000000070b200000, 0x000000070b200000| Untracked 
|  51|0x000000070b400000, 0x000000070b400000, 0x000000070b600000|  0%| F|  |TAMS 0x000000070b400000, 0x000000070b400000| Untracked 
|  52|0x000000070b600000, 0x000000070b600000, 0x000000070b800000|  0%| F|  |TAMS 0x000000070b600000, 0x000000070b600000| Untracked 
|  53|0x000000070b800000, 0x000000070b800000, 0x000000070ba00000|  0%| F|  |TAMS 0x000000070b800000, 0x000000070b800000| Untracked 
|  54|0x000000070ba00000, 0x000000070ba00000, 0x000000070bc00000|  0%| F|  |TAMS 0x000000070ba00000, 0x000000070ba00000| Untracked 
|  55|0x000000070bc00000, 0x000000070bc00000, 0x000000070be00000|  0%| F|  |TAMS 0x000000070bc00000, 0x000000070bc00000| Untracked 
|  56|0x000000070be00000, 0x000000070be00000, 0x000000070c000000|  0%| F|  |TAMS 0x000000070be00000, 0x000000070be00000| Untracked 
|  57|0x000000070c000000, 0x000000070c000000, 0x000000070c200000|  0%| F|  |TAMS 0x000000070c000000, 0x000000070c000000| Untracked 
|  58|0x000000070c200000, 0x000000070c200000, 0x000000070c400000|  0%| F|  |TAMS 0x000000070c200000, 0x000000070c200000| Untracked 
|  59|0x000000070c400000, 0x000000070c400000, 0x000000070c600000|  0%| F|  |TAMS 0x000000070c400000, 0x000000070c400000| Untracked 
|  60|0x000000070c600000, 0x000000070c600000, 0x000000070c800000|  0%| F|  |TAMS 0x000000070c600000, 0x000000070c600000| Untracked 
|  61|0x000000070c800000, 0x000000070c800000, 0x000000070ca00000|  0%| F|  |TAMS 0x000000070c800000, 0x000000070c800000| Untracked 
|  62|0x000000070ca00000, 0x000000070ca00000, 0x000000070cc00000|  0%| F|  |TAMS 0x000000070ca00000, 0x000000070ca00000| Untracked 
|  63|0x000000070cc00000, 0x000000070cc00000, 0x000000070ce00000|  0%| F|  |TAMS 0x000000070cc00000, 0x000000070cc00000| Untracked 
|  64|0x000000070ce00000, 0x000000070ce00000, 0x000000070d000000|  0%| F|  |TAMS 0x000000070ce00000, 0x000000070ce00000| Untracked 
|  65|0x000000070d000000, 0x000000070d000000, 0x000000070d200000|  0%| F|  |TAMS 0x000000070d000000, 0x000000070d000000| Untracked 
|  66|0x000000070d200000, 0x000000070d200000, 0x000000070d400000|  0%| F|  |TAMS 0x000000070d200000, 0x000000070d200000| Untracked 
|  67|0x000000070d400000, 0x000000070d400000, 0x000000070d600000|  0%| F|  |TAMS 0x000000070d400000, 0x000000070d400000| Untracked 
|  68|0x000000070d600000, 0x000000070d600000, 0x000000070d800000|  0%| F|  |TAMS 0x000000070d600000, 0x000000070d600000| Untracked 
|  69|0x000000070d800000, 0x000000070d800000, 0x000000070da00000|  0%| F|  |TAMS 0x000000070d800000, 0x000000070d800000| Untracked 
|  70|0x000000070da00000, 0x000000070da00000, 0x000000070dc00000|  0%| F|  |TAMS 0x000000070da00000, 0x000000070da00000| Untracked 
|  71|0x000000070dc00000, 0x000000070dc00000, 0x000000070de00000|  0%| F|  |TAMS 0x000000070dc00000, 0x000000070dc00000| Untracked 
|  72|0x000000070de00000, 0x000000070de00000, 0x000000070e000000|  0%| F|  |TAMS 0x000000070de00000, 0x000000070de00000| Untracked 
|  73|0x000000070e000000, 0x000000070e000000, 0x000000070e200000|  0%| F|  |TAMS 0x000000070e000000, 0x000000070e000000| Untracked 
|  74|0x000000070e200000, 0x000000070e200000, 0x000000070e400000|  0%| F|  |TAMS 0x000000070e200000, 0x000000070e200000| Untracked 
|  75|0x000000070e400000, 0x000000070e400000, 0x000000070e600000|  0%| F|  |TAMS 0x000000070e400000, 0x000000070e400000| Untracked 
|  76|0x000000070e600000, 0x000000070e600000, 0x000000070e800000|  0%| F|  |TAMS 0x000000070e600000, 0x000000070e600000| Untracked 
|  77|0x000000070e800000, 0x000000070e800000, 0x000000070ea00000|  0%| F|  |TAMS 0x000000070e800000, 0x000000070e800000| Untracked 
|  78|0x000000070ea00000, 0x000000070ea00000, 0x000000070ec00000|  0%| F|  |TAMS 0x000000070ea00000, 0x000000070ea00000| Untracked 
|  79|0x000000070ec00000, 0x000000070ec00000, 0x000000070ee00000|  0%| F|  |TAMS 0x000000070ec00000, 0x000000070ec00000| Untracked 
|  80|0x000000070ee00000, 0x000000070ee00000, 0x000000070f000000|  0%| F|  |TAMS 0x000000070ee00000, 0x000000070ee00000| Untracked 
|  81|0x000000070f000000, 0x000000070f000000, 0x000000070f200000|  0%| F|  |TAMS 0x000000070f000000, 0x000000070f000000| Untracked 
|  82|0x000000070f200000, 0x000000070f200000, 0x000000070f400000|  0%| F|  |TAMS 0x000000070f200000, 0x000000070f200000| Untracked 
|  83|0x000000070f400000, 0x000000070f400000, 0x000000070f600000|  0%| F|  |TAMS 0x000000070f400000, 0x000000070f400000| Untracked 
|  84|0x000000070f600000, 0x000000070f600000, 0x000000070f800000|  0%| F|  |TAMS 0x000000070f600000, 0x000000070f600000| Untracked 
|  85|0x000000070f800000, 0x000000070f800000, 0x000000070fa00000|  0%| F|  |TAMS 0x000000070f800000, 0x000000070f800000| Untracked 
|  86|0x000000070fa00000, 0x000000070fa00000, 0x000000070fc00000|  0%| F|  |TAMS 0x000000070fa00000, 0x000000070fa00000| Untracked 
|  87|0x000000070fc00000, 0x000000070fc00000, 0x000000070fe00000|  0%| F|  |TAMS 0x000000070fc00000, 0x000000070fc00000| Untracked 
|  88|0x000000070fe00000, 0x000000070fe00000, 0x0000000710000000|  0%| F|  |TAMS 0x000000070fe00000, 0x000000070fe00000| Untracked 
|  89|0x0000000710000000, 0x0000000710000000, 0x0000000710200000|  0%| F|  |TAMS 0x0000000710000000, 0x0000000710000000| Untracked 
|  90|0x0000000710200000, 0x0000000710200000, 0x0000000710400000|  0%| F|  |TAMS 0x0000000710200000, 0x0000000710200000| Untracked 
|  91|0x0000000710400000, 0x0000000710400000, 0x0000000710600000|  0%| F|  |TAMS 0x0000000710400000, 0x0000000710400000| Untracked 
|  92|0x0000000710600000, 0x0000000710600000, 0x0000000710800000|  0%| F|  |TAMS 0x0000000710600000, 0x0000000710600000| Untracked 
|  93|0x0000000710800000, 0x0000000710800000, 0x0000000710a00000|  0%| F|  |TAMS 0x0000000710800000, 0x0000000710800000| Untracked 
|  94|0x0000000710a00000, 0x0000000710a00000, 0x0000000710c00000|  0%| F|  |TAMS 0x0000000710a00000, 0x0000000710a00000| Untracked 
|  95|0x0000000710c00000, 0x0000000710c00000, 0x0000000710e00000|  0%| F|  |TAMS 0x0000000710c00000, 0x0000000710c00000| Untracked 
|  96|0x0000000710e00000, 0x0000000710e00000, 0x0000000711000000|  0%| F|  |TAMS 0x0000000710e00000, 0x0000000710e00000| Untracked 
|  97|0x0000000711000000, 0x0000000711000000, 0x0000000711200000|  0%| F|  |TAMS 0x0000000711000000, 0x0000000711000000| Untracked 
|  98|0x0000000711200000, 0x0000000711200000, 0x0000000711400000|  0%| F|  |TAMS 0x0000000711200000, 0x0000000711200000| Untracked 
|  99|0x0000000711400000, 0x0000000711400000, 0x0000000711600000|  0%| F|  |TAMS 0x0000000711400000, 0x0000000711400000| Untracked 
| 100|0x0000000711600000, 0x0000000711600000, 0x0000000711800000|  0%| F|  |TAMS 0x0000000711600000, 0x0000000711600000| Untracked 
| 101|0x0000000711800000, 0x0000000711800000, 0x0000000711a00000|  0%| F|  |TAMS 0x0000000711800000, 0x0000000711800000| Untracked 
| 102|0x0000000711a00000, 0x0000000711a00000, 0x0000000711c00000|  0%| F|  |TAMS 0x0000000711a00000, 0x0000000711a00000| Untracked 
| 103|0x0000000711c00000, 0x0000000711c00000, 0x0000000711e00000|  0%| F|  |TAMS 0x0000000711c00000, 0x0000000711c00000| Untracked 
| 104|0x0000000711e00000, 0x0000000711e00000, 0x0000000712000000|  0%| F|  |TAMS 0x0000000711e00000, 0x0000000711e00000| Untracked 
| 105|0x0000000712000000, 0x0000000712000000, 0x0000000712200000|  0%| F|  |TAMS 0x0000000712000000, 0x0000000712000000| Untracked 
| 106|0x0000000712200000, 0x0000000712200000, 0x0000000712400000|  0%| F|  |TAMS 0x0000000712200000, 0x0000000712200000| Untracked 
| 107|0x0000000712400000, 0x0000000712400000, 0x0000000712600000|  0%| F|  |TAMS 0x0000000712400000, 0x0000000712400000| Untracked 
| 108|0x0000000712600000, 0x0000000712600000, 0x0000000712800000|  0%| F|  |TAMS 0x0000000712600000, 0x0000000712600000| Untracked 
| 109|0x0000000712800000, 0x0000000712800000, 0x0000000712a00000|  0%| F|  |TAMS 0x0000000712800000, 0x0000000712800000| Untracked 
| 110|0x0000000712a00000, 0x0000000712a00000, 0x0000000712c00000|  0%| F|  |TAMS 0x0000000712a00000, 0x0000000712a00000| Untracked 
| 111|0x0000000712c00000, 0x0000000712c00000, 0x0000000712e00000|  0%| F|  |TAMS 0x0000000712c00000, 0x0000000712c00000| Untracked 
| 112|0x0000000712e00000, 0x0000000712e00000, 0x0000000713000000|  0%| F|  |TAMS 0x0000000712e00000, 0x0000000712e00000| Untracked 
| 113|0x0000000713000000, 0x0000000713200000, 0x0000000713200000|100%| S|CS|TAMS 0x0000000713000000, 0x0000000713000000| Complete 
| 114|0x0000000713200000, 0x0000000713400000, 0x0000000713400000|100%| S|CS|TAMS 0x0000000713200000, 0x0000000713200000| Complete 
| 115|0x0000000713400000, 0x0000000713400000, 0x0000000713600000|  0%| F|  |TAMS 0x0000000713400000, 0x0000000713400000| Untracked 
| 116|0x0000000713600000, 0x0000000713600000, 0x0000000713800000|  0%| F|  |TAMS 0x0000000713600000, 0x0000000713600000| Untracked 
| 117|0x0000000713800000, 0x0000000713800000, 0x0000000713a00000|  0%| F|  |TAMS 0x0000000713800000, 0x0000000713800000| Untracked 
| 118|0x0000000713a00000, 0x0000000713a00000, 0x0000000713c00000|  0%| F|  |TAMS 0x0000000713a00000, 0x0000000713a00000| Untracked 
| 119|0x0000000713c00000, 0x0000000713c00000, 0x0000000713e00000|  0%| F|  |TAMS 0x0000000713c00000, 0x0000000713c00000| Untracked 
| 120|0x0000000713e00000, 0x0000000713fed960, 0x0000000714000000| 96%| E|  |TAMS 0x0000000713e00000, 0x0000000713e00000| Complete 
| 121|0x0000000714000000, 0x0000000714200000, 0x0000000714200000|100%| E|CS|TAMS 0x0000000714000000, 0x0000000714000000| Complete 
| 122|0x0000000714200000, 0x0000000714400000, 0x0000000714400000|100%| E|CS|TAMS 0x0000000714200000, 0x0000000714200000| Complete 
| 123|0x0000000714400000, 0x0000000714600000, 0x0000000714600000|100%| E|CS|TAMS 0x0000000714400000, 0x0000000714400000| Complete 
| 124|0x0000000714600000, 0x0000000714800000, 0x0000000714800000|100%| E|CS|TAMS 0x0000000714600000, 0x0000000714600000| Complete 
| 125|0x0000000714800000, 0x0000000714a00000, 0x0000000714a00000|100%| E|CS|TAMS 0x0000000714800000, 0x0000000714800000| Complete 

Card table byte_map: [0x0000026356850000,0x0000026357030000] _byte_map_base: 0x0000026353029000

Marking Bits (Prev, Next): (CMBitMap*) 0x00000263436cbca0, (CMBitMap*) 0x00000263436cbce0
 Prev Bits: [0x0000026357810000, 0x000002635b6d8000)
 Next Bits: [0x000002635b6e0000, 0x000002635f5a8000)

Polling page: 0x0000026342e20000

Metaspace:

Usage:
  Non-class:     12.77 MB used.
      Class:      1.69 MB used.
       Both:     14.46 MB used.

Virtual space:
  Non-class space:       16.00 MB reserved,      12.81 MB ( 80%) committed,  2 nodes.
      Class space:        1.00 GB reserved,       1.81 MB ( <1%) committed,  1 nodes.
             Both:        1.02 GB reserved,      14.62 MB (  1%) committed. 

Chunk freelists:
   Non-Class:  2.48 MB
       Class:  2.23 MB
        Both:  4.72 MB

MaxMetaspaceSize: unlimited
CompressedClassSpaceSize: 1.00 GB
Initial GC threshold: 21.00 MB
Current GC threshold: 21.00 MB
CDS: off
MetaspaceReclaimPolicy: balanced
 - commit_granule_bytes: 65536.
 - commit_granule_words: 8192.
 - virtual_space_node_default_size: 1048576.
 - enlarge_chunks_in_place: 1.
 - new_chunks_are_fully_committed: 0.
 - uncommit_free_chunks: 1.
 - use_allocation_guard: 0.
 - handle_deallocations: 1.


Internal statistics:

num_allocs_failed_limit: 0.
num_arena_births: 74.
num_arena_deaths: 0.
num_vsnodes_births: 3.
num_vsnodes_deaths: 0.
num_space_committed: 234.
num_space_uncommitted: 0.
num_chunks_returned_to_freelist: 0.
num_chunks_taken_from_freelist: 274.
num_chunk_merges: 0.
num_chunk_splits: 178.
num_chunks_enlarged: 143.
num_purges: 0.
num_inconsistent_stats: 0.

CodeHeap 'non-profiled nmethods': size=120000Kb used=419Kb max_used=419Kb free=119580Kb
 bounds [0x000002634e5f0000, 0x000002634e860000, 0x0000026355b20000]
CodeHeap 'profiled nmethods': size=120000Kb used=1978Kb max_used=1978Kb free=118021Kb
 bounds [0x0000026346b20000, 0x0000026346d90000, 0x000002634e050000]
CodeHeap 'non-nmethods': size=5760Kb used=1151Kb max_used=1162Kb free=4608Kb
 bounds [0x000002634e050000, 0x000002634e2c0000, 0x000002634e5f0000]
 total_blobs=1517 nmethods=1075 adapters=355
 compilation: enabled
              stopped_count=0, restarted_count=0
 full_count=0

Compilation events (20 events):
Event: 2.920 Thread 0x0000026362ca7870 1064       3       java.security.MessageDigest::update (14 bytes)
Event: 2.920 Thread 0x0000026362ca7870 nmethod 1064 0x0000026346d09b10 code [0x0000026346d09cc0, 0x0000026346d09fa8]
Event: 2.920 Thread 0x0000026362ca7870 1066       3       java.lang.String::getBytes (15 bytes)
Event: 2.921 Thread 0x0000026362ca7870 nmethod 1066 0x0000026346d0a110 code [0x0000026346d0a2c0, 0x0000026346d0a4d8]
Event: 2.921 Thread 0x0000026362ca7870 1067       3       java.lang.String::encode (48 bytes)
Event: 2.921 Thread 0x0000026362ca7870 nmethod 1067 0x0000026346d0a590 code [0x0000026346d0a780, 0x0000026346d0aad8]
Event: 2.978 Thread 0x0000026362ca7870 1069       1       java.util.concurrent.atomic.AtomicReference::get (5 bytes)
Event: 2.979 Thread 0x0000026362ca7870 nmethod 1069 0x000002634e658090 code [0x000002634e658220, 0x000002634e6582f8]
Event: 3.138 Thread 0x0000026362ca6dd0 1070       4       java.lang.String::startsWith (7 bytes)
Event: 3.141 Thread 0x0000026362ca7870 1071       3       java.lang.invoke.MemberName::getName (25 bytes)
Event: 3.142 Thread 0x0000026362ca7870 nmethod 1071 0x0000026346d0ac10 code [0x0000026346d0ade0, 0x0000026346d0b188]
Event: 3.148 Thread 0x0000026362ca6dd0 nmethod 1070 0x000002634e658390 code [0x000002634e658520, 0x000002634e658778]
Event: 3.156 Thread 0x0000026362ca7870 1073       3       java.lang.invoke.MemberName::checkForTypeAlias (172 bytes)
Event: 3.158 Thread 0x0000026362ca7870 nmethod 1073 0x0000026346d0b290 code [0x0000026346d0b700, 0x0000026346d0d5b8]
Event: 3.158 Thread 0x0000026362ca7870 1075       3       java.lang.Integer::stringSize (47 bytes)
Event: 3.159 Thread 0x0000026362ca7870 nmethod 1075 0x0000026346d0de90 code [0x0000026346d0e040, 0x0000026346d0e298]
Event: 3.159 Thread 0x0000026362ca7870 1074       1       java.lang.invoke.DirectMethodHandle::internalMemberName (5 bytes)
Event: 3.159 Thread 0x0000026362ca7870 nmethod 1074 0x000002634e658c90 code [0x000002634e658e20, 0x000002634e658ef8]
Event: 3.160 Thread 0x0000026362ca7870 1076       3       java.lang.invoke.MemberName::<init> (50 bytes)
Event: 3.161 Thread 0x0000026362ca7870 nmethod 1076 0x0000026346d0e390 code [0x0000026346d0e560, 0x0000026346d0e878]

GC Heap History (2 events):
Event: 2.011 GC heap before
{Heap before GC invocations=0 (full 0):
 garbage-first heap   total 258048K, used 30720K [0x0000000704e00000, 0x0000000800000000)
  region size 2048K, 11 young (22528K), 0 survivors (0K)
 Metaspace       used 10852K, committed 11072K, reserved 1064960K
  class space    used 1116K, committed 1216K, reserved 1048576K
}
Event: 2.022 GC heap after
{Heap after GC invocations=1 (full 0):
 garbage-first heap   total 258048K, used 10144K [0x0000000704e00000, 0x0000000800000000)
  region size 2048K, 2 young (4096K), 2 survivors (4096K)
 Metaspace       used 10852K, committed 11072K, reserved 1064960K
  class space    used 1116K, committed 1216K, reserved 1048576K
}

Dll operation events (2 events):
Event: 0.022 Loaded shared library C:\Program Files\Android\Android Studio\jbr\bin\java.dll
Event: 0.298 Loaded shared library C:\Program Files\Android\Android Studio\jbr\bin\verify.dll

Deoptimization events (20 events):
Event: 2.522 Thread 0x0000026343661f50 DEOPT PACKING pc=0x0000026346bbb565 sp=0x000000fb884fb410
Event: 2.522 Thread 0x0000026343661f50 DEOPT UNPACKING pc=0x000002634e0a7143 sp=0x000000fb884fa860 mode 0
Event: 2.592 Thread 0x0000026343661f50 Uncommon trap: trap_request=0xffffffc6 fr.pc=0x000002634e64a194 relative=0x00000000000005b4
Event: 2.592 Thread 0x0000026343661f50 Uncommon trap: reason=bimorphic_or_optimized_type_check action=maybe_recompile pc=0x000002634e64a194 method=java.util.concurrent.ConcurrentHashMap.get(Ljava/lang/Object;)Ljava/lang/Object; @ 149 c2
Event: 2.592 Thread 0x0000026343661f50 DEOPT PACKING pc=0x000002634e64a194 sp=0x000000fb884faef0
Event: 2.592 Thread 0x0000026343661f50 DEOPT UNPACKING pc=0x000002634e0a69a3 sp=0x000000fb884fae90 mode 2
Event: 2.592 Thread 0x0000026343661f50 Uncommon trap: trap_request=0xffffffc6 fr.pc=0x000002634e64a194 relative=0x00000000000005b4
Event: 2.592 Thread 0x0000026343661f50 Uncommon trap: reason=bimorphic_or_optimized_type_check action=maybe_recompile pc=0x000002634e64a194 method=java.util.concurrent.ConcurrentHashMap.get(Ljava/lang/Object;)Ljava/lang/Object; @ 149 c2
Event: 2.592 Thread 0x0000026343661f50 DEOPT PACKING pc=0x000002634e64a194 sp=0x000000fb884faef0
Event: 2.592 Thread 0x0000026343661f50 DEOPT UNPACKING pc=0x000002634e0a69a3 sp=0x000000fb884fae90 mode 2
Event: 2.592 Thread 0x0000026343661f50 Uncommon trap: trap_request=0xffffffc6 fr.pc=0x000002634e64a194 relative=0x00000000000005b4
Event: 2.592 Thread 0x0000026343661f50 Uncommon trap: reason=bimorphic_or_optimized_type_check action=maybe_recompile pc=0x000002634e64a194 method=java.util.concurrent.ConcurrentHashMap.get(Ljava/lang/Object;)Ljava/lang/Object; @ 149 c2
Event: 2.592 Thread 0x0000026343661f50 DEOPT PACKING pc=0x000002634e64a194 sp=0x000000fb884faef0
Event: 2.592 Thread 0x0000026343661f50 DEOPT UNPACKING pc=0x000002634e0a69a3 sp=0x000000fb884fae90 mode 2
Event: 2.592 Thread 0x0000026343661f50 Uncommon trap: trap_request=0xffffffc6 fr.pc=0x000002634e64a194 relative=0x00000000000005b4
Event: 2.592 Thread 0x0000026343661f50 Uncommon trap: reason=bimorphic_or_optimized_type_check action=maybe_recompile pc=0x000002634e64a194 method=java.util.concurrent.ConcurrentHashMap.get(Ljava/lang/Object;)Ljava/lang/Object; @ 149 c2
Event: 2.592 Thread 0x0000026343661f50 DEOPT PACKING pc=0x000002634e64a194 sp=0x000000fb884faef0
Event: 2.592 Thread 0x0000026343661f50 DEOPT UNPACKING pc=0x000002634e0a69a3 sp=0x000000fb884fae90 mode 2
Event: 2.674 Thread 0x0000026343661f50 DEOPT PACKING pc=0x0000026346c15fc8 sp=0x000000fb884f6b40
Event: 2.674 Thread 0x0000026343661f50 DEOPT UNPACKING pc=0x000002634e0a7143 sp=0x000000fb884f6058 mode 0

Classes unloaded (0 events):
No events

Classes redefined (0 events):
No events

Internal exceptions (17 events):
Event: 0.662 Thread 0x0000026343661f50 Exception <a 'java/lang/NoSuchMethodError'{0x000000071477d2c8}: 'int java.lang.invoke.DirectMethodHandle$Holder.invokeStaticInit(java.lang.Object, java.lang.Object)'> (0x000000071477d2c8) 
thrown [s\src\hotspot\share\interpreter\linkResolver.cpp, line 771]
Event: 1.938 Thread 0x0000026343661f50 Exception <a 'java/lang/NoSuchMethodError'{0x0000000713513520}: 'void java.lang.invoke.DirectMethodHandle$Holder.invokeStatic(java.lang.Object, java.lang.Object)'> (0x0000000713513520) 
thrown [s\src\hotspot\share\interpreter\linkResolver.cpp, line 771]
Event: 1.985 Thread 0x0000026343661f50 Exception <a 'java/lang/NoClassDefFoundError'{0x000000071359a808}: org/slf4j/impl/StaticMarkerBinder> (0x000000071359a808) 
thrown [s\src\hotspot\share\classfile\systemDictionary.cpp, line 245]
Event: 2.037 Thread 0x0000026343661f50 Exception <a 'java/lang/NoSuchMethodError'{0x0000000714836838}: 'java.lang.Object java.lang.invoke.DirectMethodHandle$Holder.invokeVirtual(java.lang.Object, java.lang.Object, java.lang.Object, java.lang.Object, java.lang.Object, java.lang.Object, java.lang.Object)'> (0x0000000714836838) 
thrown [s\src\hotspot\share\interpreter\linkResolver.cpp, line 771]
Event: 2.042 Thread 0x0000026343661f50 Exception <a 'java/lang/NoSuchMethodError'{0x00000007148483c8}: 'java.lang.Object java.lang.invoke.Invokers$Holder.invoker(java.lang.Object, java.lang.Object, java.lang.Object)'> (0x00000007148483c8) 
thrown [s\src\hotspot\share\interpreter\linkResolver.cpp, line 771]
Event: 2.049 Thread 0x0000026343661f50 Exception <a 'java/lang/NoSuchMethodError'{0x0000000714851578}: 'java.lang.Object java.lang.invoke.DirectMethodHandle$Holder.invokeStatic(java.lang.Object, java.lang.Object, int)'> (0x0000000714851578) 
thrown [s\src\hotspot\share\interpreter\linkResolver.cpp, line 771]
Event: 2.054 Thread 0x0000026343661f50 Exception <a 'java/lang/NoSuchMethodError'{0x000000071485d268}: 'void java.lang.invoke.DelegatingMethodHandle$Holder.delegate(java.lang.Object, java.lang.Object, int, java.lang.Object)'> (0x000000071485d268) 
thrown [s\src\hotspot\share\interpreter\linkResolver.cpp, line 771]
Event: 2.055 Thread 0x0000026343661f50 Exception <a 'java/lang/NoSuchMethodError'{0x0000000714861430}: 'int java.lang.invoke.DirectMethodHandle$Holder.invokeSpecial(java.lang.Object, java.lang.Object, java.lang.Object)'> (0x0000000714861430) 
thrown [s\src\hotspot\share\interpreter\linkResolver.cpp, line 771]
Event: 2.060 Thread 0x0000026343661f50 Exception <a 'java/lang/NoSuchMethodError'{0x00000007148745e8}: 'java.lang.Object java.lang.invoke.Invokers$Holder.invokeExact_MT(java.lang.Object, java.lang.Object, java.lang.Object, java.lang.Object)'> (0x00000007148745e8) 
thrown [s\src\hotspot\share\interpreter\linkResolver.cpp, line 771]
Event: 2.322 Thread 0x0000026343661f50 Exception <a 'java/lang/NoSuchMethodError'{0x00000007144c4368}: 'java.lang.Object java.lang.invoke.DirectMethodHandle$Holder.invokeInterface(java.lang.Object, java.lang.Object, java.lang.Object)'> (0x00000007144c4368) 
thrown [s\src\hotspot\share\interpreter\linkResolver.cpp, line 771]
Event: 2.335 Thread 0x0000026343661f50 Exception <a 'java/lang/NoSuchMethodError'{0x00000007144e5da8}: 'void java.lang.invoke.DirectMethodHandle$Holder.invokeSpecial(java.lang.Object, java.lang.Object, java.lang.Object)'> (0x00000007144e5da8) 
thrown [s\src\hotspot\share\interpreter\linkResolver.cpp, line 771]
Event: 2.375 Thread 0x0000026343661f50 Implicit null exception at 0x000002634e63e48f to 0x000002634e63e8ec
Event: 2.375 Thread 0x0000026343661f50 Implicit null exception at 0x000002634e62920f to 0x000002634e629648
Event: 2.446 Thread 0x0000026343661f50 Exception <a 'java/lang/NoSuchMethodError'{0x0000000714282b70}: 'java.lang.Object java.lang.invoke.DirectMethodHandle$Holder.invokeStaticInit(java.lang.Object)'> (0x0000000714282b70) 
thrown [s\src\hotspot\share\interpreter\linkResolver.cpp, line 771]
Event: 2.730 Thread 0x0000026343661f50 Exception <a 'java/lang/NoSuchMethodError'{0x0000000713e79b20}: 'java.lang.Object java.lang.invoke.DirectMethodHandle$Holder.invokeStaticInit(java.lang.Object, int, int, int, int)'> (0x0000000713e79b20) 
thrown [s\src\hotspot\share\interpreter\linkResolver.cpp, line 771]
Event: 2.916 Thread 0x0000026343661f50 Exception <a 'java/lang/NoSuchMethodError'{0x0000000713ee8c78}: 'java.lang.Object java.lang.invoke.DirectMethodHandle$Holder.invokeStaticInit(java.lang.Object, java.lang.Object, int, int, int, int)'> (0x0000000713ee8c78) 
thrown [s\src\hotspot\share\interpreter\linkResolver.cpp, line 771]
Event: 3.156 Thread 0x0000026343661f50 Exception <a 'java/lang/NoSuchMethodError'{0x0000000713f15b80}: 'void java.lang.invoke.DirectMethodHandle$Holder.invokeStatic(java.lang.Object, java.lang.Object, java.lang.Object)'> (0x0000000713f15b80) 
thrown [s\src\hotspot\share\interpreter\linkResolver.cpp, line 771]

VM Operations (14 events):
Event: 0.278 Executing VM operation: HandshakeAllThreads
Event: 0.278 Executing VM operation: HandshakeAllThreads done
Event: 1.281 Executing VM operation: Cleanup
Event: 1.281 Executing VM operation: Cleanup done
Event: 1.717 Executing VM operation: HandshakeAllThreads
Event: 1.717 Executing VM operation: HandshakeAllThreads done
Event: 2.009 Executing VM operation: G1CollectForAllocation
Event: 2.022 Executing VM operation: G1CollectForAllocation done
Event: 2.048 Executing VM operation: HandshakeAllThreads
Event: 2.048 Executing VM operation: HandshakeAllThreads done
Event: 2.607 Executing VM operation: HandshakeAllThreads
Event: 2.607 Executing VM operation: HandshakeAllThreads done
Event: 2.893 Executing VM operation: HandshakeAllThreads
Event: 2.893 Executing VM operation: HandshakeAllThreads done

Events (20 events):
Event: 3.161 loading class java/net/StandardSocketOptions$StdSocketOption
Event: 3.161 loading class java/net/StandardSocketOptions$StdSocketOption done
Event: 3.161 loading class sun/nio/ch/DatagramChannelImpl$DefaultOptionsHolder
Event: 3.162 loading class sun/nio/ch/DatagramChannelImpl$DefaultOptionsHolder done
Event: 3.162 loading class sun/nio/ch/SocketOptionRegistry
Event: 3.163 loading class sun/nio/ch/SocketOptionRegistry done
Event: 3.163 loading class sun/nio/ch/SocketOptionRegistry$RegistryKey
Event: 3.163 loading class sun/nio/ch/SocketOptionRegistry$RegistryKey done
Event: 3.163 loading class sun/nio/ch/SocketOptionRegistry$LazyInitialization
Event: 3.163 loading class sun/nio/ch/SocketOptionRegistry$LazyInitialization done
Event: 3.163 loading class sun/nio/ch/OptionKey
Event: 3.163 loading class sun/nio/ch/OptionKey done
Event: 3.164 loading class sun/nio/ch/ExtendedSocketOption
Event: 3.164 loading class sun/nio/ch/ExtendedSocketOption done
Event: 3.164 loading class sun/nio/ch/ExtendedSocketOption$1
Event: 3.164 loading class sun/nio/ch/ExtendedSocketOption$1 done
Event: 3.172 loading class java/nio/channels/OverlappingFileLockException
Event: 3.172 loading class java/nio/channels/OverlappingFileLockException done
Event: 3.172 loading class java/io/EOFException
Event: 3.172 loading class java/io/EOFException done


Dynamic libraries:
0x00007ff7f2650000 - 0x00007ff7f265a000 	C:\Program Files\Android\Android Studio\jbr\bin\java.exe
0x00007ffadc6b0000 - 0x00007ffadc8c7000 	C:\Windows\SYSTEM32\ntdll.dll
0x00007ffadb020000 - 0x00007ffadb0e4000 	C:\Windows\System32\KERNEL32.DLL
0x00007ffad99f0000 - 0x00007ffad9d96000 	C:\Windows\System32\KERNELBASE.dll
0x00007ffad9f80000 - 0x00007ffada091000 	C:\Windows\System32\ucrtbase.dll
0x00007ffacfea0000 - 0x00007ffacfeb7000 	C:\Program Files\Android\Android Studio\jbr\bin\jli.dll
0x00007ffadaac0000 - 0x00007ffadac6e000 	C:\Windows\System32\USER32.dll
0x00007ffacfe80000 - 0x00007ffacfe9b000 	C:\Program Files\Android\Android Studio\jbr\bin\VCRUNTIME140.dll
0x00007ffada140000 - 0x00007ffada166000 	C:\Windows\System32\win32u.dll
0x00007ffadb5d0000 - 0x00007ffadb5f9000 	C:\Windows\System32\GDI32.dll
0x00007ffad9da0000 - 0x00007ffad9eb8000 	C:\Windows\System32\gdi32full.dll
0x00007ffaab490000 - 0x00007ffaab723000 	C:\Windows\WinSxS\amd64_microsoft.windows.common-controls_6595b64144ccf1df_6.0.22621.2506_none_270c5ae97388e100\COMCTL32.dll
0x00007ffada0a0000 - 0x00007ffada13a000 	C:\Windows\System32\msvcp_win.dll
0x00007ffadbeb0000 - 0x00007ffadbf57000 	C:\Windows\System32\msvcrt.dll
0x00007ffadbe60000 - 0x00007ffadbe91000 	C:\Windows\System32\IMM32.DLL
0x00007ffacfe70000 - 0x00007ffacfe7c000 	C:\Program Files\Android\Android Studio\jbr\bin\vcruntime140_1.dll
0x00007ffaa5f00000 - 0x00007ffaa5f8d000 	C:\Program Files\Android\Android Studio\jbr\bin\msvcp140.dll
0x00007ffa812c0000 - 0x00007ffa81f2e000 	C:\Program Files\Android\Android Studio\jbr\bin\server\jvm.dll
0x00007ffadc5b0000 - 0x00007ffadc663000 	C:\Windows\System32\ADVAPI32.dll
0x00007ffada400000 - 0x00007ffada4a8000 	C:\Windows\System32\sechost.dll
0x00007ffada260000 - 0x00007ffada288000 	C:\Windows\System32\bcrypt.dll
0x00007ffadc410000 - 0x00007ffadc527000 	C:\Windows\System32\RPCRT4.dll
0x00007ffacfe60000 - 0x00007ffacfe69000 	C:\Windows\SYSTEM32\WSOCK32.dll
0x00007ffadc530000 - 0x00007ffadc5a1000 	C:\Windows\System32\WS2_32.dll
0x00007ffacdad0000 - 0x00007ffacdada000 	C:\Windows\SYSTEM32\VERSION.dll
0x00007ffad1630000 - 0x00007ffad1664000 	C:\Windows\SYSTEM32\WINMM.dll
0x00007ffad89f0000 - 0x00007ffad8a08000 	C:\Windows\SYSTEM32\kernel.appcore.dll
0x00007ffacdfd0000 - 0x00007ffacdfda000 	C:\Program Files\Android\Android Studio\jbr\bin\jimage.dll
0x00007ffad7220000 - 0x00007ffad7453000 	C:\Windows\SYSTEM32\DBGHELP.DLL
0x00007ffadbf60000 - 0x00007ffadc2e9000 	C:\Windows\System32\combase.dll
0x00007ffada560000 - 0x00007ffada637000 	C:\Windows\System32\OLEAUT32.dll
0x00007fface8b0000 - 0x00007fface8e2000 	C:\Windows\SYSTEM32\dbgcore.DLL
0x00007ffada1e0000 - 0x00007ffada25a000 	C:\Windows\System32\bcryptPrimitives.dll
0x00007ffaa7960000 - 0x00007ffaa7985000 	C:\Program Files\Android\Android Studio\jbr\bin\java.dll
0x00007ffaa9ee0000 - 0x00007ffaa9ef8000 	C:\Program Files\Android\Android Studio\jbr\bin\zip.dll
0x00007ffadb600000 - 0x00007ffadbe5b000 	C:\Windows\System32\SHELL32.dll
0x00007ffad77a0000 - 0x00007ffad8096000 	C:\Windows\SYSTEM32\windows.storage.dll
0x00007ffad80c0000 - 0x00007ffad81fe000 	C:\Windows\SYSTEM32\wintypes.dll
0x00007ffada910000 - 0x00007ffadaa03000 	C:\Windows\System32\SHCORE.dll
0x00007ffada8b0000 - 0x00007ffada90e000 	C:\Windows\System32\shlwapi.dll
0x00007ffad9920000 - 0x00007ffad9946000 	C:\Windows\SYSTEM32\profapi.dll
0x00007ffaa5ee0000 - 0x00007ffaa5ef9000 	C:\Program Files\Android\Android Studio\jbr\bin\net.dll
0x00007ffad36d0000 - 0x00007ffad3807000 	C:\Windows\SYSTEM32\WINHTTP.dll
0x00007ffad8e70000 - 0x00007ffad8ed9000 	C:\Windows\system32\mswsock.dll
0x00007ffaa5ec0000 - 0x00007ffaa5ed6000 	C:\Program Files\Android\Android Studio\jbr\bin\nio.dll
0x00007ffacdf50000 - 0x00007ffacdf60000 	C:\Program Files\Android\Android Studio\jbr\bin\verify.dll
0x00007ffaa4100000 - 0x00007ffaa4127000 	C:\Users\Mathusan\.gradle\native\e1d6ef7f7dcc3fd88c89a11ec53ec762bb8ba0a96d01ffa2cd45eb1d1d8dd5c5\windows-amd64\native-platform.dll
0x00007ffacba60000 - 0x00007ffacba69000 	C:\Program Files\Android\Android Studio\jbr\bin\management.dll
0x00007ffac74f0000 - 0x00007ffac74fb000 	C:\Program Files\Android\Android Studio\jbr\bin\management_ext.dll
0x00007ffadbea0000 - 0x00007ffadbea8000 	C:\Windows\System32\PSAPI.DLL
0x00007ffad9090000 - 0x00007ffad90ab000 	C:\Windows\SYSTEM32\CRYPTSP.dll
0x00007ffad8950000 - 0x00007ffad8985000 	C:\Windows\system32\rsaenh.dll
0x00007ffad8f30000 - 0x00007ffad8f5c000 	C:\Windows\SYSTEM32\USERENV.dll
0x00007ffad90b0000 - 0x00007ffad90bc000 	C:\Windows\SYSTEM32\CRYPTBASE.dll
0x00007ffad8460000 - 0x00007ffad848d000 	C:\Windows\SYSTEM32\IPHLPAPI.DLL
0x00007ffadaaa0000 - 0x00007ffadaaa9000 	C:\Windows\System32\NSI.dll
0x00007ffad3470000 - 0x00007ffad3489000 	C:\Windows\SYSTEM32\dhcpcsvc6.DLL
0x00007ffad33d0000 - 0x00007ffad33ef000 	C:\Windows\SYSTEM32\dhcpcsvc.DLL
0x00007ffad84d0000 - 0x00007ffad85c9000 	C:\Windows\SYSTEM32\DNSAPI.dll

dbghelp: loaded successfully - version: 4.0.5 - missing functions: none
symbol engine: initialized successfully - sym options: 0x614 - pdb path: .;C:\Program Files\Android\Android Studio\jbr\bin;C:\Windows\SYSTEM32;C:\Windows\WinSxS\amd64_microsoft.windows.common-controls_6595b64144ccf1df_6.0.22621.2506_none_270c5ae97388e100;C:\Program Files\Android\Android Studio\jbr\bin\server;C:\Users\Mathusan\.gradle\native\e1d6ef7f7dcc3fd88c89a11ec53ec762bb8ba0a96d01ffa2cd45eb1d1d8dd5c5\windows-amd64

VM Arguments:
jvm_args: -Dorg.gradle.appname=gradlew 
java_command: org.gradle.wrapper.GradleWrapperMain -q -Ptarget-platform=android-arm64 -Ptarget=C:\Mathusan\meal\meal\lib\main.dart -Pbase-application-name=android.app.Application -Pdart-defines=RkxVVFRFUl9XRUJfQVVUT19ERVRFQ1Q9dHJ1ZQ==,RkxVVFRFUl9XRUJfQ0FOVkFTS0lUX1VSTD1odHRwczovL3d3dy5nc3RhdGljLmNvbS9mbHV0dGVyLWNhbnZhc2tpdC8wNDgxN2M5OWM5ZmQ0OTU2ZjI3NTA1MjA0ZjdlMzQ0MzM1ODEwYWVkLw== -Pdart-obfuscation=false -Ptrack-widget-creation=true -Ptree-shake-icons=false -Pfilesystem-scheme=org-dartlang-root assembleDebug
java_class_path (initial): C:\Mathusan\meal\meal\android\\gradle\wrapper\gradle-wrapper.jar
Launcher Type: SUN_STANDARD

[Global flags]
     intx CICompilerCount                          = 4                                         {product} {ergonomic}
     uint ConcGCThreads                            = 3                                         {product} {ergonomic}
     uint G1ConcRefinementThreads                  = 10                                        {product} {ergonomic}
   size_t G1HeapRegionSize                         = 2097152                                   {product} {ergonomic}
    uintx GCDrainStackTargetSize                   = 64                                        {product} {ergonomic}
   size_t InitialHeapSize                          = 264241152                                 {product} {ergonomic}
   size_t MarkStackSize                            = 4194304                                   {product} {ergonomic}
   size_t MaxHeapSize                              = 4213178368                                {product} {ergonomic}
   size_t MaxNewSize                               = 2527068160                                {product} {ergonomic}
   size_t MinHeapDeltaBytes                        = 2097152                                   {product} {ergonomic}
   size_t MinHeapSize                              = 8388608                                   {product} {ergonomic}
    uintx NonNMethodCodeHeapSize                   = 5839372                                {pd product} {ergonomic}
    uintx NonProfiledCodeHeapSize                  = 122909434                              {pd product} {ergonomic}
    uintx ProfiledCodeHeapSize                     = 122909434                              {pd product} {ergonomic}
    uintx ReservedCodeCacheSize                    = 251658240                              {pd product} {ergonomic}
     bool SegmentedCodeCache                       = true                                      {product} {ergonomic}
   size_t SoftMaxHeapSize                          = 4213178368                             {manageable} {ergonomic}
     bool UseCompressedClassPointers               = true                           {product lp64_product} {ergonomic}
     bool UseCompressedOops                        = true                           {product lp64_product} {ergonomic}
     bool UseG1GC                                  = true                                      {product} {ergonomic}
     bool UseLargePagesIndividualAllocation        = false                                  {pd product} {ergonomic}

Logging:
Log output configuration:
 #0: stdout all=warning uptime,level,tags
 #1: stderr all=off uptime,level,tags

Environment Variables:
JAVA_HOME=C:\Program Files\Android\Android Studio\jbr
CLASSPATH=C:\Mathusan\meal\meal\android\\gradle\wrapper\gradle-wrapper.jar
PATH=C:\Program Files\Android\Android Studio\jbr\bin;C:\flutter\bin\;C:\Program Files\Common Files\Oracle\Java\javapath;C:\Windows\system32;C:\Windows;C:\Windows\System32\Wbem;C:\Windows\System32\WindowsPowerShell\v1.0\;C:\Windows\System32\OpenSSH\;C:\Program Files\dotnet\;C:\Program Files\Microsoft SQL Server\150\Tools\Binn\;C:\Program Files\Microsoft SQL Server\Client SDK\ODBC\170\Tools\Binn\;C:\Program Files (x86)\Windows Kits\10\Windows Performance Toolkit\;C:\Program Files (x86)\Microsoft SQL Server\150\Tools\Binn\;C:\Program Files (x86)\Microsoft SQL Server\150\DTS\Binn\;C:\Program Files\Microsoft SQL Server\150\DTS\Binn\;C:\flutter\bin;C:\Program Files (x86)\Microsoft SQL Server\160\DTS\Binn\;C:\Program Files\Azure Data Studio\bin;C:\flutter\bin;C:\src\flutter\bin;C:\Program Files\Java\jdk-22\bin;C:\Program Files\Common Files\Oracle\Java\javapath;C:\Users\Mathusan\AppData\Local\Microsoft\WindowsApps;C:\Users\Mathusan\AppData\Local\Programs\Microsoft VS Code\bin;C:\Users\Mathusan\AppData\Local\Programs\Git\cmd;C:\Users\Mathusan\.dotnet\tools;C:\flutter\bin\mingit\cmd
USERNAME=Mathusan
LANG=en_US.UTF-8
OS=Windows_NT
PROCESSOR_IDENTIFIER=Intel64 Family 6 Model 186 Stepping 3, GenuineIntel
TMP=C:\Users\Mathusan\AppData\Local\Temp
TEMP=C:\Users\Mathusan\AppData\Local\Temp


JNI global refs:
JNI global refs: 19, weak refs: 0

JNI global refs memory usage: 843, weak refs: 209


---------------  S Y S T E M  ---------------

OS:
 Windows 11 , 64 bit Build 22621 (10.0.22621.3085)
OS uptime: 8 days 4:05 hours
Hyper-V role detected

CPU: total 12 (initial active 12) (6 cores per cpu, 2 threads per core) family 6 model 186 stepping 3 microcode 0x4114, cx8, cmov, fxsr, ht, mmx, 3dnowpref, sse, sse2, sse3, ssse3, sse4.1, sse4.2, popcnt, lzcnt, tsc, tscinvbit, avx, avx2, aes, erms, clmul, bmi1, bmi2, adx, sha, fma, vzeroupper, clflush, clflushopt, clwb, hv

Memory: 4k page, system-wide physical 16068M (298M free)
TotalPageFile size 65220M (AvailPageFile size 0M)
current process WorkingSet (physical memory assigned to process): 94M, peak: 94M
current process commit charge ("private bytes"): 361M, peak: 361M

vm_info: OpenJDK 64-Bit Server VM (17.0.6+0-b2043.56-10027231) for windows-amd64 JRE (17.0.6+0-b2043.56-10027231), built on Apr 28 2023 00:43:19 by "androidbuild" with MS VC++ 16.10 / 16.11 (VS2019)

END.
